Arguments: 
  C:\Program Files\nodejs\node.exe C:\Users\User\AppData\Roaming\npm\node_modules\yarn\bin\yarn.js add i18n-js

PATH: 
  C:\Windows\system32;C:\Windows;C:\Windows\System32\Wbem;C:\Windows\System32\WindowsPowerShell\v1.0\;C:\Windows\System32\OpenSSH\;C:\Program Files (x86)\NVIDIA Corporation\PhysX\Common;C:\Program Files\7-Zip;C:\Program Files\nodejs\;C:\Program Files\NVIDIA Corporation\NVIDIA NvDLISR;C:\WINDOWS\system32;C:\WINDOWS;C:\WINDOWS\System32\Wbem;C:\WINDOWS\System32\WindowsPowerShell\v1.0\;C:\WINDOWS\System32\OpenSSH\;C:\Program Files\Git\cmd;C:\Program Files\Java\jdk-14.0.2\bin;D:\soft\postgresql\bin;C:\xampp\php;C:\composer;C:\Users\User\AppData\Local\Programs\Python\Python38-32\Scripts\;C:\Users\User\AppData\Local\Programs\Python\Python38-32\;C:\Users\User\AppData\Local\Microsoft\WindowsApps;C:\Users\User\AppData\Roaming\npm;C:\Users\User\AppData\Local\Programs\Microsoft VS Code\bin;C:\Users\User\AppData\Roaming\Composer\vendor\bin

Yarn version: 
  1.22.10

Node version: 
  12.18.3

Platform: 
  win32 x64

Trace: 
  Error: EPERM: operation not permitted, unlink 'D:\react_native_eng\uznews-main\node_modules\@babel\helper-regex\lib'

npm manifest: 
  {
    "main": "node_modules/expo/AppEntry.js",
    "scripts": {
      "start": "expo start",
      "android": "expo start --android",
      "ios": "expo start --ios",
      "web": "expo start --web",
      "eject": "expo eject"
    },
    "dependencies": {
      "@react-native-community/async-storage": "~1.11.0",
      "@react-native-community/masked-view": "0.1.10",
      "@react-native-community/picker": "1.6.0",
      "@react-navigation/drawer": "^5.8.5",
      "@react-navigation/material-bottom-tabs": "^5.2.13",
      "@react-navigation/material-top-tabs": "^5.2.13",
      "@react-navigation/native": "^5.7.0",
      "@react-navigation/stack": "^5.7.0",
      "axios": "^0.19.2",
      "expo": "~38.0.8",
      "expo-auth": "0.0.0",
      "expo-auth-session": "~1.4.0",
      "expo-facebook": "~8.2.1",
      "expo-google-app-auth": "^8.1.2",
      "expo-google-sign-in": "~8.2.1",
      "expo-status-bar": "^1.0.2",
      "expo-web-browser": "~8.3.1",
      "react": "~16.11.0",
      "react-dom": "~16.11.0",
      "react-native": "https://github.com/expo/react-native/archive/sdk-38.0.2.tar.gz",
      "react-native-eva-icons": "^1.3.1",
      "react-native-gesture-handler": "~1.6.0",
      "react-native-paper": "^3.10.1",
      "react-native-reanimated": "~1.9.0",
      "react-native-safe-area-context": "~3.0.7",
      "react-native-screens": "~2.9.0",
      "react-native-svg": "12.1.0",
      "react-native-tab-view": "^2.15.0",
      "react-native-web": "~0.11.7",
      "react-native-webview": "9.4.0",
      "react-native-webview-autoheight": "^1.0.6",
      "react-navigation": "^4.4.0",
      "expo-image-picker": "~8.3.0",
      "expo-localization": "~8.2.1"
    },
    "devDependencies": {
      "@babel/core": "^7.8.6",
      "babel-preset-expo": "~8.1.0"
    },
    "private": true
  }

yarn manifest: 
  No manifest

Lockfile: 
  No lockfile
